c:\vision\opencvexample\debug\vc141.pdb
c:\vision\opencvexample\debug\vc141.idb
c:\vision\opencvexample\debug\binary.obj
c:\vision\opencvexample\debug\cameracalibration.obj
c:\vision\opencvexample\debug\edges.obj
c:\vision\opencvexample\debug\features.obj
c:\vision\opencvexample\debug\geometric.obj
c:\vision\opencvexample\debug\histograms.obj
c:\vision\opencvexample\debug\images.obj
c:\vision\opencvexample\debug\main.obj
c:\vision\opencvexample\debug\recognition.obj
c:\vision\opencvexample\debug\region.obj
c:\vision\opencvexample\debug\utilities.obj
c:\vision\opencvexample\debug\video.obj
c:\vision\opencvexample\debug\opencvexample.tlog\cl.command.1.tlog
c:\vision\opencvexample\debug\opencvexample.tlog\cl.read.1.tlog
c:\vision\opencvexample\debug\opencvexample.tlog\cl.write.1.tlog
c:\vision\opencvexample\debug\opencvexample.tlog\link.command.1.tlog
c:\vision\opencvexample\debug\opencvexample.tlog\link.read.1.tlog
c:\vision\opencvexample\debug\opencvexample.tlog\link.write.1.tlog
