c:\.trinity 4\cs4053 computer vision\assignment 3\x64\debug\vc141.pdb
c:\.trinity 4\cs4053 computer vision\assignment 3\x64\debug\vc141.idb
c:\.trinity 4\cs4053 computer vision\assignment 3\x64\debug\assignment 3.exe
c:\.trinity 4\cs4053 computer vision\assignment 3\x64\debug\assignment 3.ilk
c:\.trinity 4\cs4053 computer vision\assignment 3\x64\debug\assignment 3.pdb
c:\.trinity 4\cs4053 computer vision\assignment 3\x64\debug\binary.obj
c:\.trinity 4\cs4053 computer vision\assignment 3\x64\debug\cameracalibration.obj
c:\.trinity 4\cs4053 computer vision\assignment 3\x64\debug\edges.obj
c:\.trinity 4\cs4053 computer vision\assignment 3\x64\debug\features.obj
c:\.trinity 4\cs4053 computer vision\assignment 3\x64\debug\geometric.obj
c:\.trinity 4\cs4053 computer vision\assignment 3\x64\debug\histograms.obj
c:\.trinity 4\cs4053 computer vision\assignment 3\x64\debug\images.obj
c:\.trinity 4\cs4053 computer vision\assignment 3\x64\debug\recognition.obj
c:\.trinity 4\cs4053 computer vision\assignment 3\x64\debug\region.obj
c:\.trinity 4\cs4053 computer vision\assignment 3\x64\debug\utilities.obj
c:\.trinity 4\cs4053 computer vision\assignment 3\x64\debug\video.obj
c:\.trinity 4\cs4053 computer vision\assignment 3\x64\debug\main.obj.enc
c:\.trinity 4\cs4053 computer vision\assignment 3\x64\debug\assignment 2 copy 2.ilk
c:\.trinity 4\cs4053 computer vision\assignment 3\x64\debug\opencvexample.ilk
c:\.trinity 4\cs4053 computer vision\assignment 3\x64\debug\assignment 2 copy 2.pdb
c:\.trinity 4\cs4053 computer vision\assignment 3\x64\debug\opencvexample.pdb
c:\.trinity 4\cs4053 computer vision\assignment 3\x64\debug\assignment 3.tlog\cl.command.1.tlog
c:\.trinity 4\cs4053 computer vision\assignment 3\x64\debug\assignment 3.tlog\cl.read.1.tlog
c:\.trinity 4\cs4053 computer vision\assignment 3\x64\debug\assignment 3.tlog\cl.write.1.tlog
c:\.trinity 4\cs4053 computer vision\assignment 3\x64\debug\assignment 3.tlog\link.command.1.tlog
c:\.trinity 4\cs4053 computer vision\assignment 3\x64\debug\assignment 3.tlog\link.read.1.tlog
c:\.trinity 4\cs4053 computer vision\assignment 3\x64\debug\assignment 3.tlog\link.write.1.tlog
