c:\vision\opencvexample\x64\debug\vc141.pdb
c:\vision\opencvexample\x64\debug\vc141.idb
c:\vision\opencvexample\x64\debug\binary.obj
c:\vision\opencvexample\x64\debug\cameracalibration.obj
c:\vision\opencvexample\x64\debug\edges.obj
c:\vision\opencvexample\x64\debug\features.obj
c:\vision\opencvexample\x64\debug\geometric.obj
c:\vision\opencvexample\x64\debug\histograms.obj
c:\vision\opencvexample\x64\debug\images.obj
c:\vision\opencvexample\x64\debug\main.obj
c:\vision\opencvexample\x64\debug\recognition.obj
c:\vision\opencvexample\x64\debug\region.obj
c:\vision\opencvexample\x64\debug\utilities.obj
c:\vision\opencvexample\x64\debug\video.obj
c:\vision\opencvexample\x64\debug\opencvexample.ilk
c:\vision\opencvexample\x64\debug\opencvexample.exe
c:\vision\opencvexample\x64\debug\opencvexample.pdb
c:\vision\opencvexample\x64\debug\opencvexample.tlog\cl.command.1.tlog
c:\vision\opencvexample\x64\debug\opencvexample.tlog\cl.read.1.tlog
c:\vision\opencvexample\x64\debug\opencvexample.tlog\cl.write.1.tlog
c:\vision\opencvexample\x64\debug\opencvexample.tlog\link.command.1.tlog
c:\vision\opencvexample\x64\debug\opencvexample.tlog\link.read.1.tlog
c:\vision\opencvexample\x64\debug\opencvexample.tlog\link.write.1.tlog
